00:00:00.000308 main     VirtualBox XPCOM Server 7.0.8 r156879 linux.amd64 (Apr 18 2023 21:36:31) release log
00:00:00.000310 main     Log opened 2023-05-18T07:06:45.058577000Z
00:00:00.000310 main     Build Type: release
00:00:00.000312 main     OS Product: Linux
00:00:00.000312 main     OS Release: 6.1.26-1-MANJARO
00:00:00.000313 main     OS Version: #1 SMP PREEMPT_DYNAMIC Wed Apr 26 22:07:35 UTC 2023
00:00:00.000331 main     DMI Product Name: All Series
00:00:00.000337 main     DMI Product Version: System Version
00:00:00.000341 main     Firmware type: UEFI
00:00:00.000427 main     Secure Boot: Disabled
00:00:00.000454 main     Host RAM: 32007MB (31.2GB) total, 29210MB (28.5GB) available
00:00:00.000456 main     Executable: /usr/lib/virtualbox/VBoxSVC
00:00:00.000457 main     Process ID: 35783
00:00:00.000457 main     Package type: LINUX_64BITS_GENERIC (OSE)
00:00:00.001551 main     IPC socket path: /tmp/.vbox-ty-ipc/ipcd
00:00:00.105761 nspr-2   VirtualBox: object creation starts
00:00:00.105888 nspr-2   Home directory: '/home/ty/.config/VirtualBox'
00:00:00.106110 nspr-2   Loading settings file "/home/ty/.config/VirtualBox/VirtualBox.xml" with version "1.12-linux"
00:00:00.110440 nspr-2   Successfully initialised host USB using sysfs
00:00:00.111382 nspr-2   HostDnsMonitor: initializing
00:00:00.111570 nspr-2   NAT: resolv.conf: nameserver 75.75.75.75
00:00:00.111584 nspr-2   NAT: resolv.conf: nameserver 75.75.76.76
00:00:00.111593 nspr-2   NAT: resolv.conf: nameserver 2001:558:feed::1
00:00:00.111601 nspr-2   NAT: resolv.conf: too many nameserver lines, ignoring 2001:558:feed::2
00:00:00.111617 nspr-2   HostDnsMonitor: updating information
00:00:00.111635 nspr-2   HostDnsMonitor: old information
00:00:00.111641 nspr-2     no server entries
00:00:00.111646 nspr-2     no domain set
00:00:00.111651 nspr-2     no search string entries
00:00:00.111656 nspr-2   HostDnsMonitor: new information
00:00:00.111661 nspr-2     server 1: 75.75.75.75
00:00:00.111667 nspr-2     server 2: 75.75.76.76
00:00:00.111672 nspr-2     server 3: 2001:558:feed::1
00:00:00.111679 nspr-2     domain: hsd1.nm.comcast.net
00:00:00.111686 nspr-2     search string 1: hsd1.nm.comcast.net
00:00:00.115775 nspr-2   VD: VDInit finished with VINF_SUCCESS
00:00:00.115865 nspr-2   ERROR [COM]: aRC=NS_ERROR_FAILURE (0x80004005) aIID={aac6c7cb-a371-4c58-ab51-0616896b2f2c} aComponent={SystemPropertiesWrap} aText={Cannot determine default Guest Additions ISO location. Most likely they are not available}, preserve=false aResultDetail=0
00:00:00.116662 nspr-2   Loading settings file "/home/ty/VirtualBox VMs/Windows 11/Windows 11.vbox" with version "1.19-linux"
00:00:00.117991 nspr-2   VirtualBox: object created
00:00:00.674847 nspr-2   ERROR [COM]: aRC=VBOX_E_INVALID_VM_STATE (0x80bb0002) aIID={300763af-5d6b-46e6-aa96-273eac15538a} aComponent={MachineWrap} aText={The machine is not mutable (state is PoweredOff)}, preserve=false aResultDetail=0
00:00:03.121217 nspr-3   Launched VM: 7664 pid: 35818 (0x8bea) frontend: GUI/Qt name: Windows 11
00:00:03.150595 nspr-2   ERROR [COM]: aRC=VBOX_E_INVALID_VM_STATE (0x80bb0002) aIID={300763af-5d6b-46e6-aa96-273eac15538a} aComponent={MachineWrap} aText={The machine is not mutable (state is PoweredOff)}, preserve=false aResultDetail=0
00:00:03.331449 nspr-7   ERROR [COM]: aRC=VBOX_E_INVALID_VM_STATE (0x80bb0002) aIID={300763af-5d6b-46e6-aa96-273eac15538a} aComponent={MachineWrap} aText={The machine is not mutable (state is PoweredOff)}, preserve=false aResultDetail=0
00:00:03.616251 nspr-4   Saving settings file "/home/ty/.config/VirtualBox/VirtualBox.xml" with version "1.12-linux"
00:00:03.628727 nspr-4   Finished saving settings file "/home/ty/.config/VirtualBox/VirtualBox.xml"
00:00:03.767143 nspr-2   ERROR [COM]: aRC=VBOX_E_OBJECT_NOT_FOUND (0x80bb0001) aIID={70401eef-c8e9-466b-9660-45cb3e9979e4} aComponent={ExtPackManagerWrap} aText={No extension pack by the name 'Oracle VM VirtualBox Extension Pack' was found}, preserve=false aResultDetail=0
00:00:03.831567 nspr-8   ERROR [COM]: aRC=VBOX_E_IPRT_ERROR (0x80bb0005) aIID={300763af-5d6b-46e6-aa96-273eac15538a} aComponent={SessionMachine} aText={Saved screenshot data is not available (VERR_NOT_SUPPORTED)}, preserve=false aResultDetail=-37
00:00:03.924403 nspr-8   ERROR [COM]: aRC=VBOX_E_INVALID_VM_STATE (0x80bb0002) aIID={300763af-5d6b-46e6-aa96-273eac15538a} aComponent={MachineWrap} aText={The machine is not mutable (state is Starting)}, preserve=false aResultDetail=0
00:00:04.035822 nspr-8   ERROR [COM]: aRC=VBOX_E_OBJECT_NOT_FOUND (0x80bb0001) aIID={ad47ad09-787b-44ab-b343-a082a3f2dfb1} aComponent={MediumWrap} aText={Property 'CRYPT/KeyId' does not exist}, preserve=false aResultDetail=0
00:00:04.036554 nspr-8   ERROR [COM]: aRC=VBOX_E_OBJECT_NOT_FOUND (0x80bb0001) aIID={ad47ad09-787b-44ab-b343-a082a3f2dfb1} aComponent={MediumWrap} aText={Property 'CRYPT/KeyId' does not exist}, preserve=false aResultDetail=0
00:00:04.061067 nspr-3   ERROR [COM]: aRC=VBOX_E_INVALID_VM_STATE (0x80bb0002) aIID={300763af-5d6b-46e6-aa96-273eac15538a} aComponent={MachineWrap} aText={The machine is not mutable (state is Running)}, preserve=false aResultDetail=0
00:00:04.249395 nspr-3   Saving settings file "/home/ty/.config/VirtualBox/VirtualBox.xml" with version "1.12-linux"
00:00:04.255890 nspr-3   Finished saving settings file "/home/ty/.config/VirtualBox/VirtualBox.xml"
00:11:58.323402 nspr-4   ERROR [COM]: aRC=VBOX_E_INVALID_VM_STATE (0x80bb0002) aIID={300763af-5d6b-46e6-aa96-273eac15538a} aComponent={MachineWrap} aText={The machine is not mutable (state is Paused)}, preserve=false aResultDetail=0
00:12:02.853176 nspr-4   Saving settings file "/home/ty/VirtualBox VMs/Windows 11/Windows 11.vbox" with version "1.19-linux"
00:12:02.869766 nspr-4   Finished saving settings file "/home/ty/VirtualBox VMs/Windows 11/Windows 11.vbox"
00:12:02.882197 nspr-6   ERROR [COM]: aRC=VBOX_E_INVALID_VM_STATE (0x80bb0002) aIID={300763af-5d6b-46e6-aa96-273eac15538a} aComponent={MachineWrap} aText={The machine is not mutable (state is Stopping)}, preserve=false aResultDetail=0
00:12:02.902430 nspr-7   ERROR [COM]: aRC=VBOX_E_INVALID_VM_STATE (0x80bb0002) aIID={300763af-5d6b-46e6-aa96-273eac15538a} aComponent={MachineWrap} aText={The machine is not mutable (state is Stopping)}, preserve=false aResultDetail=0
00:12:02.961744 nspr-8   Saving settings file "/home/ty/VirtualBox VMs/Windows 11/Windows 11.vbox" with version "1.19-linux"
00:12:02.967946 nspr-8   Finished saving settings file "/home/ty/VirtualBox VMs/Windows 11/Windows 11.vbox"
00:12:02.978451 nspr-8   ERROR [COM]: aRC=VBOX_E_INVALID_VM_STATE (0x80bb0002) aIID={300763af-5d6b-46e6-aa96-273eac15538a} aComponent={MachineWrap} aText={The machine is not mutable (state is PoweredOff)}, preserve=false aResultDetail=0
00:12:04.480071 nspr-8   ERROR [COM]: aRC=VBOX_E_INVALID_VM_STATE (0x80bb0002) aIID={300763af-5d6b-46e6-aa96-273eac15538a} aComponent={MachineWrap} aText={The machine is not mutable (state is PoweredOff)}, preserve=false aResultDetail=0
00:12:04.832318 nspr-5   Saving settings file "/home/ty/.config/VirtualBox/VirtualBox.xml" with version "1.12-linux"
00:12:04.845118 nspr-5   Finished saving settings file "/home/ty/.config/VirtualBox/VirtualBox.xml"
00:12:15.861959 main     VirtualBox: object deletion starts
00:12:15.862033 main     ERROR [COM]: aRC=VBOX_E_OBJECT_IN_USE (0x80bb000c) aIID={ad47ad09-787b-44ab-b343-a082a3f2dfb1} aComponent={MediumWrap} aText={Medium '/home/ty/VirtualBox VMs/Windows 11/Windows 11.vdi' cannot be closed because it is still attached to 1 virtual machines}, preserve=false aResultDetail=0
00:12:15.863065 main     HostDnsMonitor: shutting down ...
00:12:15.863198 main     HostDnsMonitor: shut down
00:12:15.873901 Watcher  ERROR [COM]: aRC=E_ACCESSDENIED (0x80070005) aIID={7682d5eb-f00e-44f1-8ca2-99d08b1cd607} aComponent={VirtualBoxWrap} aText={The object is not ready}, preserve=false aResultDetail=0
00:12:15.874019 main     VirtualBox: object deleted
